La génération a démarré 04/10/2019 16:24:39.
     1>Projet "C:\Users\KosTac\Documents\ING3\Physics engines\QuantumStarterKit\QuantumStarterKit\Quantum\Quantum.vcxproj" sur le nœud 2 (Build cible(s)).
     1>ClCompile:
         C:\Program Files (x86)\Microsoft Visual Studio 12.0\VC\bin\CL.exe /c /Zi /nologo /W3 /WX- /sdl /O2 /Oi /Oy- /GL /D WIN32 /D NDEBUG /D _CONSOLE /D _LIB /D _UNICODE /D UNICODE /Gm- /EHsc /MD /GS /Gy /fp:precise /Zc:wchar_t /Zc:forScope /Yu"stdafx.h" /Fp"Release\Quantum.pch" /Fo"Release\\" /Fd"Release\vc120.pdb" /Gd /TP /analyze- /errorReport:prompt Spring.cpp
         Spring.cpp
       Lib:
         C:\Program Files (x86)\Microsoft Visual Studio 12.0\VC\bin\Lib.exe /OUT:"C:\Users\KosTac\Documents\ING3\Physics engines\QuantumStarterKit\QuantumStarterKit\Release\Quantum.lib" /NOLOGO /LTCG Release\Quantum.res
         Release\Contact.obj
         Release\Drag.obj
         Release\ForceRegistry.obj
         Release\GravityVoid.obj
         Release\HalfSpace.obj
         Release\Magnetism.obj
         Release\QmParticle.obj
         Release\Spring.obj
         Release\stdafx.obj
         Release\QmWorld.obj
     1>LINK : warning LNK4068: /MACHINE non spÚcifiÚá; X86 pris par dÚfaut
         Quantum.vcxproj -> C:\Users\KosTac\Documents\ING3\Physics engines\QuantumStarterKit\QuantumStarterKit\Release\Quantum.lib
     1>Génération du projet "C:\Users\KosTac\Documents\ING3\Physics engines\QuantumStarterKit\QuantumStarterKit\Quantum\Quantum.vcxproj" terminée (Build cible(s)).

La génération a réussi.

Temps écoulé 00:00:01.71
