c:\users\kostac\documents\ing3\physics engines\quantumstarterkit\quantumstarterkit\quantum\release\quantum.pch
c:\users\kostac\documents\ing3\physics engines\quantumstarterkit\quantumstarterkit\quantum\release\vc120.pdb
c:\users\kostac\documents\ing3\physics engines\quantumstarterkit\quantumstarterkit\quantum\release\stdafx.obj
c:\users\kostac\documents\ing3\physics engines\quantumstarterkit\quantumstarterkit\quantum\release\qmworld.obj
c:\users\kostac\documents\ing3\physics engines\quantumstarterkit\quantumstarterkit\quantum\release\spring.obj
c:\users\kostac\documents\ing3\physics engines\quantumstarterkit\quantumstarterkit\quantum\release\qmparticle.obj
c:\users\kostac\documents\ing3\physics engines\quantumstarterkit\quantumstarterkit\quantum\release\magnetism.obj
c:\users\kostac\documents\ing3\physics engines\quantumstarterkit\quantumstarterkit\quantum\release\halfspace.obj
c:\users\kostac\documents\ing3\physics engines\quantumstarterkit\quantumstarterkit\quantum\release\gravityvoid.obj
c:\users\kostac\documents\ing3\physics engines\quantumstarterkit\quantumstarterkit\quantum\release\forceregistry.obj
c:\users\kostac\documents\ing3\physics engines\quantumstarterkit\quantumstarterkit\quantum\release\drag.obj
c:\users\kostac\documents\ing3\physics engines\quantumstarterkit\quantumstarterkit\quantum\release\contact.obj
c:\users\kostac\documents\ing3\physics engines\quantumstarterkit\quantumstarterkit\release\quantum.lib
c:\users\kostac\documents\ing3\physics engines\quantumstarterkit\quantumstarterkit\quantum\release\quantum.res
c:\users\kostac\documents\ing3\physics engines\quantumstarterkit\quantumstarterkit\quantum\release\quantum.tlog\cl.command.1.tlog
c:\users\kostac\documents\ing3\physics engines\quantumstarterkit\quantumstarterkit\quantum\release\quantum.tlog\cl.read.1.tlog
c:\users\kostac\documents\ing3\physics engines\quantumstarterkit\quantumstarterkit\quantum\release\quantum.tlog\cl.write.1.tlog
c:\users\kostac\documents\ing3\physics engines\quantumstarterkit\quantumstarterkit\quantum\release\quantum.tlog\lib-link-cvtres.read.1.tlog
c:\users\kostac\documents\ing3\physics engines\quantumstarterkit\quantumstarterkit\quantum\release\quantum.tlog\lib-link-cvtres.write.1.tlog
c:\users\kostac\documents\ing3\physics engines\quantumstarterkit\quantumstarterkit\quantum\release\quantum.tlog\lib.command.1.tlog
c:\users\kostac\documents\ing3\physics engines\quantumstarterkit\quantumstarterkit\quantum\release\quantum.tlog\rc.command.1.tlog
c:\users\kostac\documents\ing3\physics engines\quantumstarterkit\quantumstarterkit\quantum\release\quantum.tlog\rc.read.1.tlog
c:\users\kostac\documents\ing3\physics engines\quantumstarterkit\quantumstarterkit\quantum\release\quantum.tlog\rc.write.1.tlog
